0 info it worked if it ends with ok
1 verbose cli [ 'C:\\Program Files\\nodejs\\node.exe',
1 verbose cli   'C:\\Program Files\\nodejs\\node_modules\\npm\\bin\\npm-cli.js',
1 verbose cli   'install',
1 verbose cli   'concurrentLibrary' ]
2 info using npm@2.14.12
3 info using node@v4.2.4
4 verbose install initial load of C:\Users\Patrick\Desktop\metricschallenge\package.json
5 warn package.json metricschallenge@1.0.0 No description
6 warn package.json metricschallenge@1.0.0 No repository field.
7 warn package.json metricschallenge@1.0.0 No README data
8 verbose installManyTop reading scoped package data from C:\Users\Patrick\Desktop\metricschallenge\node_modules\express\package.json
9 verbose installManyTop reading scoped package data from C:\Users\Patrick\Desktop\metricschallenge\node_modules\request\package.json
10 verbose readDependencies loading dependencies from C:\Users\Patrick\Desktop\metricschallenge\package.json
11 silly cache add args [ 'concurrentLibrary@latest', null ]
12 verbose cache add spec concurrentLibrary@latest
13 silly cache add parsed spec Result {
13 silly cache add   raw: 'concurrentLibrary@latest',
13 silly cache add   scope: null,
13 silly cache add   name: 'concurrentLibrary',
13 silly cache add   rawSpec: 'latest',
13 silly cache add   spec: 'latest',
13 silly cache add   type: 'tag' }
14 silly addNamed concurrentLibrary@latest
15 verbose addNamed "latest" is being treated as a dist-tag for concurrentLibrary
16 info addNameTag [ 'concurrentLibrary', 'latest' ]
17 silly mapToRegistry name concurrentLibrary
18 silly mapToRegistry using default registry
19 silly mapToRegistry registry https://registry.npmjs.org/
20 silly mapToRegistry uri https://registry.npmjs.org/concurrentLibrary
21 verbose addNameTag registry:https://registry.npmjs.org/concurrentLibrary not in flight; fetching
22 verbose request uri https://registry.npmjs.org/concurrentLibrary
23 verbose request no auth needed
24 info attempt registry request try #1 at 4:32:44 PM
25 verbose request id 2a0ec0d45725320d
26 http request GET https://registry.npmjs.org/concurrentLibrary
27 http 404 https://registry.npmjs.org/concurrentLibrary
28 verbose headers { 'content-type': 'application/json',
28 verbose headers   'cache-control': 'max-age=0',
28 verbose headers   'content-length': '2',
28 verbose headers   'accept-ranges': 'bytes',
28 verbose headers   date: 'Wed, 17 Feb 2016 00:32:43 GMT',
28 verbose headers   via: '1.1 varnish',
28 verbose headers   age: '0',
28 verbose headers   connection: 'keep-alive',
28 verbose headers   'x-served-by': 'cache-lax1434-LAX',
28 verbose headers   'x-cache': 'MISS',
28 verbose headers   'x-cache-hits': '0',
28 verbose headers   'x-timer': 'S1455669163.268100,VS0,VE332' }
29 silly get cb [ 404,
29 silly get   { 'content-type': 'application/json',
29 silly get     'cache-control': 'max-age=0',
29 silly get     'content-length': '2',
29 silly get     'accept-ranges': 'bytes',
29 silly get     date: 'Wed, 17 Feb 2016 00:32:43 GMT',
29 silly get     via: '1.1 varnish',
29 silly get     age: '0',
29 silly get     connection: 'keep-alive',
29 silly get     'x-served-by': 'cache-lax1434-LAX',
29 silly get     'x-cache': 'MISS',
29 silly get     'x-cache-hits': '0',
29 silly get     'x-timer': 'S1455669163.268100,VS0,VE332' } ]
30 verbose stack Error: Registry returned 404 for GET on https://registry.npmjs.org/concurrentLibrary
30 verbose stack     at makeError (C:\Program Files\nodejs\node_modules\npm\node_modules\npm-registry-client\lib\request.js:264:12)
30 verbose stack     at CachingRegistryClient.<anonymous> (C:\Program Files\nodejs\node_modules\npm\node_modules\npm-registry-client\lib\request.js:242:14)
30 verbose stack     at Request._callback (C:\Program Files\nodejs\node_modules\npm\node_modules\npm-registry-client\lib\request.js:172:14)
30 verbose stack     at Request.self.callback (C:\Program Files\nodejs\node_modules\npm\node_modules\request\request.js:198:22)
30 verbose stack     at emitTwo (events.js:87:13)
30 verbose stack     at Request.emit (events.js:172:7)
30 verbose stack     at Request.<anonymous> (C:\Program Files\nodejs\node_modules\npm\node_modules\request\request.js:1082:10)
30 verbose stack     at emitOne (events.js:82:20)
30 verbose stack     at Request.emit (events.js:169:7)
30 verbose stack     at IncomingMessage.<anonymous> (C:\Program Files\nodejs\node_modules\npm\node_modules\request\request.js:1009:12)
31 verbose statusCode 404
32 verbose pkgid concurrentLibrary
33 verbose cwd C:\Users\Patrick\Desktop\metricschallenge
34 error Windows_NT 10.0.10586
35 error argv "C:\\Program Files\\nodejs\\node.exe" "C:\\Program Files\\nodejs\\node_modules\\npm\\bin\\npm-cli.js" "install" "concurrentLibrary"
36 error node v4.2.4
37 error npm  v2.14.12
38 error code E404
39 error 404 Registry returned 404 for GET on https://registry.npmjs.org/concurrentLibrary
39 error 404
39 error 404 'concurrentLibrary' is not in the npm registry.
39 error 404 Your package name is not valid, because
39 error 404
39 error 404  1. name can no longer contain capital letters
39 error 404 It was specified as a dependency of 'metricschallenge'
39 error 404
39 error 404 Note that you can also install from a
39 error 404 tarball, folder, http url, or git url.
40 verbose exit [ 1, true ]
